dir_path: /157_Dataset_in150/data-wen.yaoli/dataset/FERplus/FER+CODE/FERPlus-master/data/FER2013Test
/157_Dataset_in150/data-wen.yaoli/Data/FERplus/alignment/FER2013Test/fer0033120/0.png
/157_Dataset_in150/data-wen.yaoli/Data/FERplus/alignment/FER2013Test/fer0033120/1.png
/157_Dataset_in150/data-wen.yaoli/Data/FERplus/alignment/FER2013Test/fer0033120/2.png
/157_Dataset_in150/data-wen.yaoli/Data/FERplus/alignment/FER2013Test/fer0033120/3.png
/157_Dataset_in150/data-wen.yaoli/Data/FERplus/alignment/FER2013Test/fer0033120/4.png
/157_Dataset_in150/data-wen.yaoli/Data/FERplus/alignment/FER2013Test/fer0033120/5.png
/157_Dataset_in150/data-wen.yaoli/Data/FERplus/alignment/FER2013Test/fer0033164/0.png
/157_Dataset_in150/data-wen.yaoli/Data/FERplus/alignment/FER2013Test/fer0033164/1.png
/157_Dataset_in150/data-wen.yaoli/Data/FERplus/alignment/FER2013Test/fer0033164/2.png
/157_Dataset_in150/data-wen.yaoli/Data/FERplus/alignment/FER2013Test/fer0033164/3.png
/157_Dataset_in150/data-wen.yaoli/Data/FERplus/alignment/FER2013Test/fer0033164/4.png
/157_Dataset_in150/data-wen.yaoli/Data/FERplus/alignment/FER2013Test/fer0033164/5.png
/157_Dataset_in150/data-wen.yaoli/Data/FERplus/alignment/FER2013Test/fer0034707/0.png
/157_Dataset_in150/data-wen.yaoli/Data/FERplus/alignment/FER2013Test/fer0034707/1.png
/157_Dataset_in150/data-wen.yaoli/Data/FERplus/alignment/FER2013Test/fer0034707/2.png
/157_Dataset_in150/data-wen.yaoli/Data/FERplus/alignment/FER2013Test/fer0034707/3.png
/157_Dataset_in150/data-wen.yaoli/Data/FERplus/alignment/FER2013Test/fer0034707/4.png
/157_Dataset_in150/data-wen.yaoli/Data/FERplus/alignment/FER2013Test/fer0034707/5.png
/157_Dataset_in150/data-wen.yaoli/Data/FERplus/alignment/FER2013Test/fer0035598/0.png
/157_Dataset_in150/data-wen.yaoli/Data/FERplus/alignment/FER2013Test/fer0035598/1.png
/157_Dataset_in150/data-wen.yaoli/Data/FERplus/alignment/FER2013Test/fer0035598/2.png
/157_Dataset_in150/data-wen.yaoli/Data/FERplus/alignment/FER2013Test/fer0035598/3.png
/157_Dataset_in150/data-wen.yaoli/Data/FERplus/alignment/FER2013Test/fer0035598/4.png
/157_Dataset_in150/data-wen.yaoli/Data/FERplus/alignment/FER2013Test/fer0035598/5.png
dir_path: /157_Dataset_in150/data-wen.yaoli/dataset/FERplus/FER+CODE/FERPlus-master/data/FER2013Train
/157_Dataset_in150/data-wen.yaoli/Data/FERplus/alignment/FER2013Train/fer0001394/0.png
/157_Dataset_in150/data-wen.yaoli/Data/FERplus/alignment/FER2013Train/fer0001394/1.png
/157_Dataset_in150/data-wen.yaoli/Data/FERplus/alignment/FER2013Train/fer0001394/2.png
/157_Dataset_in150/data-wen.yaoli/Data/FERplus/alignment/FER2013Train/fer0001394/3.png
/157_Dataset_in150/data-wen.yaoli/Data/FERplus/alignment/FER2013Train/fer0001394/4.png
/157_Dataset_in150/data-wen.yaoli/Data/FERplus/alignment/FER2013Train/fer0001394/5.png
/157_Dataset_in150/data-wen.yaoli/Data/FERplus/alignment/FER2013Train/fer0002053/0.png
/157_Dataset_in150/data-wen.yaoli/Data/FERplus/alignment/FER2013Train/fer0002053/1.png
/157_Dataset_in150/data-wen.yaoli/Data/FERplus/alignment/FER2013Train/fer0002053/2.png
/157_Dataset_in150/data-wen.yaoli/Data/FERplus/alignment/FER2013Train/fer0002053/3.png
/157_Dataset_in150/data-wen.yaoli/Data/FERplus/alignment/FER2013Train/fer0002053/4.png
/157_Dataset_in150/data-wen.yaoli/Data/FERplus/alignment/FER2013Train/fer0002053/5.png
/157_Dataset_in150/data-wen.yaoli/Data/FERplus/alignment/FER2013Train/fer0006606/0.png
/157_Dataset_in150/data-wen.yaoli/Data/FERplus/alignment/FER2013Train/fer0006606/1.png
/157_Dataset_in150/data-wen.yaoli/Data/FERplus/alignment/FER2013Train/fer0006606/2.png
/157_Dataset_in150/data-wen.yaoli/Data/FERplus/alignment/FER2013Train/fer0006606/3.png
/157_Dataset_in150/data-wen.yaoli/Data/FERplus/alignment/FER2013Train/fer0006606/4.png
/157_Dataset_in150/data-wen.yaoli/Data/FERplus/alignment/FER2013Train/fer0006606/5.png
/157_Dataset_in150/data-wen.yaoli/Data/FERplus/alignment/FER2013Train/fer0006907/0.png
/157_Dataset_in150/data-wen.yaoli/Data/FERplus/alignment/FER2013Train/fer0006907/1.png
/157_Dataset_in150/data-wen.yaoli/Data/FERplus/alignment/FER2013Train/fer0006907/2.png
/157_Dataset_in150/data-wen.yaoli/Data/FERplus/alignment/FER2013Train/fer0006907/3.png
/157_Dataset_in150/data-wen.yaoli/Data/FERplus/alignment/FER2013Train/fer0006907/4.png
/157_Dataset_in150/data-wen.yaoli/Data/FERplus/alignment/FER2013Train/fer0006907/5.png
/157_Dataset_in150/data-wen.yaoli/Data/FERplus/alignment/FER2013Train/fer0007828/0.png
/157_Dataset_in150/data-wen.yaoli/Data/FERplus/alignment/FER2013Train/fer0007828/1.png
/157_Dataset_in150/data-wen.yaoli/Data/FERplus/alignment/FER2013Train/fer0007828/2.png
/157_Dataset_in150/data-wen.yaoli/Data/FERplus/alignment/FER2013Train/fer0007828/3.png
/157_Dataset_in150/data-wen.yaoli/Data/FERplus/alignment/FER2013Train/fer0007828/4.png
/157_Dataset_in150/data-wen.yaoli/Data/FERplus/alignment/FER2013Train/fer0007828/5.png
/157_Dataset_in150/data-wen.yaoli/Data/FERplus/alignment/FER2013Train/fer0008532/0.png
/157_Dataset_in150/data-wen.yaoli/Data/FERplus/alignment/FER2013Train/fer0008532/1.png
/157_Dataset_in150/data-wen.yaoli/Data/FERplus/alignment/FER2013Train/fer0008532/2.png
/157_Dataset_in150/data-wen.yaoli/Data/FERplus/alignment/FER2013Train/fer0008532/3.png
/157_Dataset_in150/data-wen.yaoli/Data/FERplus/alignment/FER2013Train/fer0008532/4.png
/157_Dataset_in150/data-wen.yaoli/Data/FERplus/alignment/FER2013Train/fer0008532/5.png
/157_Dataset_in150/data-wen.yaoli/Data/FERplus/alignment/FER2013Train/fer0009596/0.png
/157_Dataset_in150/data-wen.yaoli/Data/FERplus/alignment/FER2013Train/fer0009596/1.png
/157_Dataset_in150/data-wen.yaoli/Data/FERplus/alignment/FER2013Train/fer0009596/2.png
/157_Dataset_in150/data-wen.yaoli/Data/FERplus/alignment/FER2013Train/fer0009596/3.png
/157_Dataset_in150/data-wen.yaoli/Data/FERplus/alignment/FER2013Train/fer0009596/4.png
/157_Dataset_in150/data-wen.yaoli/Data/FERplus/alignment/FER2013Train/fer0009596/5.png
/157_Dataset_in150/data-wen.yaoli/Data/FERplus/alignment/FER2013Train/fer0010510/0.png
/157_Dataset_in150/data-wen.yaoli/Data/FERplus/alignment/FER2013Train/fer0010510/1.png
/157_Dataset_in150/data-wen.yaoli/Data/FERplus/alignment/FER2013Train/fer0010510/2.png
/157_Dataset_in150/data-wen.yaoli/Data/FERplus/alignment/FER2013Train/fer0010510/3.png
/157_Dataset_in150/data-wen.yaoli/Data/FERplus/alignment/FER2013Train/fer0010510/4.png
/157_Dataset_in150/data-wen.yaoli/Data/FERplus/alignment/FER2013Train/fer0010510/5.png
/157_Dataset_in150/data-wen.yaoli/Data/FERplus/alignment/FER2013Train/fer0010840/0.png
/157_Dataset_in150/data-wen.yaoli/Data/FERplus/alignment/FER2013Train/fer0010840/1.png
/157_Dataset_in150/data-wen.yaoli/Data/FERplus/alignment/FER2013Train/fer0010840/2.png
/157_Dataset_in150/data-wen.yaoli/Data/FERplus/alignment/FER2013Train/fer0010840/3.png
/157_Dataset_in150/data-wen.yaoli/Data/FERplus/alignment/FER2013Train/fer0010840/4.png
/157_Dataset_in150/data-wen.yaoli/Data/FERplus/alignment/FER2013Train/fer0010840/5.png
/157_Dataset_in150/data-wen.yaoli/Data/FERplus/alignment/FER2013Train/fer0011828/0.png
/157_Dataset_in150/data-wen.yaoli/Data/FERplus/alignment/FER2013Train/fer0011828/1.png
/157_Dataset_in150/data-wen.yaoli/Data/FERplus/alignment/FER2013Train/fer0011828/2.png
/157_Dataset_in150/data-wen.yaoli/Data/FERplus/alignment/FER2013Train/fer0011828/3.png
/157_Dataset_in150/data-wen.yaoli/Data/FERplus/alignment/FER2013Train/fer0011828/4.png
/157_Dataset_in150/data-wen.yaoli/Data/FERplus/alignment/FER2013Train/fer0011828/5.png
/157_Dataset_in150/data-wen.yaoli/Data/FERplus/alignment/FER2013Train/fer0012902/0.png
/157_Dataset_in150/data-wen.yaoli/Data/FERplus/alignment/FER2013Train/fer0012902/1.png
/157_Dataset_in150/data-wen.yaoli/Data/FERplus/alignment/FER2013Train/fer0012902/2.png
/157_Dataset_in150/data-wen.yaoli/Data/FERplus/alignment/FER2013Train/fer0012902/3.png
/157_Dataset_in150/data-wen.yaoli/Data/FERplus/alignment/FER2013Train/fer0012902/4.png
/157_Dataset_in150/data-wen.yaoli/Data/FERplus/alignment/FER2013Train/fer0012902/5.png
/157_Dataset_in150/data-wen.yaoli/Data/FERplus/alignment/FER2013Train/fer0013013/0.png
/157_Dataset_in150/data-wen.yaoli/Data/FERplus/alignment/FER2013Train/fer0013013/1.png
/157_Dataset_in150/data-wen.yaoli/Data/FERplus/alignment/FER2013Train/fer0013013/2.png
/157_Dataset_in150/data-wen.yaoli/Data/FERplus/alignment/FER2013Train/fer0013013/3.png
/157_Dataset_in150/data-wen.yaoli/Data/FERplus/alignment/FER2013Train/fer0013013/4.png
/157_Dataset_in150/data-wen.yaoli/Data/FERplus/alignment/FER2013Train/fer0013013/5.png
/157_Dataset_in150/data-wen.yaoli/Data/FERplus/alignment/FER2013Train/fer0013376/0.png
/157_Dataset_in150/data-wen.yaoli/Data/FERplus/alignment/FER2013Train/fer0013376/1.png
/157_Dataset_in150/data-wen.yaoli/Data/FERplus/alignment/FER2013Train/fer0013376/2.png
/157_Dataset_in150/data-wen.yaoli/Data/FERplus/alignment/FER2013Train/fer0013376/3.png
/157_Dataset_in150/data-wen.yaoli/Data/FERplus/alignment/FER2013Train/fer0013376/4.png
/157_Dataset_in150/data-wen.yaoli/Data/FERplus/alignment/FER2013Train/fer0013376/5.png
/157_Dataset_in150/data-wen.yaoli/Data/FERplus/alignment/FER2013Train/fer0014180/0.png
/157_Dataset_in150/data-wen.yaoli/Data/FERplus/alignment/FER2013Train/fer0014180/1.png
/157_Dataset_in150/data-wen.yaoli/Data/FERplus/alignment/FER2013Train/fer0014180/2.png
/157_Dataset_in150/data-wen.yaoli/Data/FERplus/alignment/FER2013Train/fer0014180/3.png
/157_Dataset_in150/data-wen.yaoli/Data/FERplus/alignment/FER2013Train/fer0014180/4.png
/157_Dataset_in150/data-wen.yaoli/Data/FERplus/alignment/FER2013Train/fer0014180/5.png
/157_Dataset_in150/data-wen.yaoli/Data/FERplus/alignment/FER2013Train/fer0014187/0.png
/157_Dataset_in150/data-wen.yaoli/Data/FERplus/alignment/FER2013Train/fer0014187/1.png
/157_Dataset_in150/data-wen.yaoli/Data/FERplus/alignment/FER2013Train/fer0014187/2.png
/157_Dataset_in150/data-wen.yaoli/Data/FERplus/alignment/FER2013Train/fer0014187/3.png
/157_Dataset_in150/data-wen.yaoli/Data/FERplus/alignment/FER2013Train/fer0014187/4.png
/157_Dataset_in150/data-wen.yaoli/Data/FERplus/alignment/FER2013Train/fer0014187/5.png
/157_Dataset_in150/data-wen.yaoli/Data/FERplus/alignment/FER2013Train/fer0014920/0.png
/157_Dataset_in150/data-wen.yaoli/Data/FERplus/alignment/FER2013Train/fer0014920/1.png
/157_Dataset_in150/data-wen.yaoli/Data/FERplus/alignment/FER2013Train/fer0014920/2.png
/157_Dataset_in150/data-wen.yaoli/Data/FERplus/alignment/FER2013Train/fer0014920/3.png
/157_Dataset_in150/data-wen.yaoli/Data/FERplus/alignment/FER2013Train/fer0014920/4.png
/157_Dataset_in150/data-wen.yaoli/Data/FERplus/alignment/FER2013Train/fer0014920/5.png
/157_Dataset_in150/data-wen.yaoli/Data/FERplus/alignment/FER2013Train/fer0016203/0.png
/157_Dataset_in150/data-wen.yaoli/Data/FERplus/alignment/FER2013Train/fer0016203/1.png
/157_Dataset_in150/data-wen.yaoli/Data/FERplus/alignment/FER2013Train/fer0016203/2.png
/157_Dataset_in150/data-wen.yaoli/Data/FERplus/alignment/FER2013Train/fer0016203/3.png
/157_Dataset_in150/data-wen.yaoli/Data/FERplus/alignment/FER2013Train/fer0016203/4.png
/157_Dataset_in150/data-wen.yaoli/Data/FERplus/alignment/FER2013Train/fer0016203/5.png
/157_Dataset_in150/data-wen.yaoli/Data/FERplus/alignment/FER2013Train/fer0016311/0.png
/157_Dataset_in150/data-wen.yaoli/Data/FERplus/alignment/FER2013Train/fer0016311/1.png
/157_Dataset_in150/data-wen.yaoli/Data/FERplus/alignment/FER2013Train/fer0016311/2.png
/157_Dataset_in150/data-wen.yaoli/Data/FERplus/alignment/FER2013Train/fer0016311/3.png
/157_Dataset_in150/data-wen.yaoli/Data/FERplus/alignment/FER2013Train/fer0016311/4.png
/157_Dataset_in150/data-wen.yaoli/Data/FERplus/alignment/FER2013Train/fer0016311/5.png
/157_Dataset_in150/data-wen.yaoli/Data/FERplus/alignment/FER2013Train/fer0016455/0.png
/157_Dataset_in150/data-wen.yaoli/Data/FERplus/alignment/FER2013Train/fer0016455/1.png
/157_Dataset_in150/data-wen.yaoli/Data/FERplus/alignment/FER2013Train/fer0016455/2.png
/157_Dataset_in150/data-wen.yaoli/Data/FERplus/alignment/FER2013Train/fer0016455/3.png
/157_Dataset_in150/data-wen.yaoli/Data/FERplus/alignment/FER2013Train/fer0016455/4.png
/157_Dataset_in150/data-wen.yaoli/Data/FERplus/alignment/FER2013Train/fer0016455/5.png
/157_Dataset_in150/data-wen.yaoli/Data/FERplus/alignment/FER2013Train/fer0016860/0.png
/157_Dataset_in150/data-wen.yaoli/Data/FERplus/alignment/FER2013Train/fer0016860/1.png
/157_Dataset_in150/data-wen.yaoli/Data/FERplus/alignment/FER2013Train/fer0016860/2.png
/157_Dataset_in150/data-wen.yaoli/Data/FERplus/alignment/FER2013Train/fer0016860/3.png
/157_Dataset_in150/data-wen.yaoli/Data/FERplus/alignment/FER2013Train/fer0016860/4.png
/157_Dataset_in150/data-wen.yaoli/Data/FERplus/alignment/FER2013Train/fer0016860/5.png
/157_Dataset_in150/data-wen.yaoli/Data/FERplus/alignment/FER2013Train/fer0017808/0.png
/157_Dataset_in150/data-wen.yaoli/Data/FERplus/alignment/FER2013Train/fer0017808/1.png
/157_Dataset_in150/data-wen.yaoli/Data/FERplus/alignment/FER2013Train/fer0017808/2.png
/157_Dataset_in150/data-wen.yaoli/Data/FERplus/alignment/FER2013Train/fer0017808/3.png
/157_Dataset_in150/data-wen.yaoli/Data/FERplus/alignment/FER2013Train/fer0017808/4.png
/157_Dataset_in150/data-wen.yaoli/Data/FERplus/alignment/FER2013Train/fer0017808/5.png
/157_Dataset_in150/data-wen.yaoli/Data/FERplus/alignment/FER2013Train/fer0019934/0.png
/157_Dataset_in150/data-wen.yaoli/Data/FERplus/alignment/FER2013Train/fer0019934/1.png
/157_Dataset_in150/data-wen.yaoli/Data/FERplus/alignment/FER2013Train/fer0019934/2.png
/157_Dataset_in150/data-wen.yaoli/Data/FERplus/alignment/FER2013Train/fer0019934/3.png
/157_Dataset_in150/data-wen.yaoli/Data/FERplus/alignment/FER2013Train/fer0019934/4.png
/157_Dataset_in150/data-wen.yaoli/Data/FERplus/alignment/FER2013Train/fer0019934/5.png
/157_Dataset_in150/data-wen.yaoli/Data/FERplus/alignment/FER2013Train/fer0020656/0.png
/157_Dataset_in150/data-wen.yaoli/Data/FERplus/alignment/FER2013Train/fer0020656/1.png
/157_Dataset_in150/data-wen.yaoli/Data/FERplus/alignment/FER2013Train/fer0020656/2.png
/157_Dataset_in150/data-wen.yaoli/Data/FERplus/alignment/FER2013Train/fer0020656/3.png
/157_Dataset_in150/data-wen.yaoli/Data/FERplus/alignment/FER2013Train/fer0020656/4.png
/157_Dataset_in150/data-wen.yaoli/Data/FERplus/alignment/FER2013Train/fer0020656/5.png
/157_Dataset_in150/data-wen.yaoli/Data/FERplus/alignment/FER2013Train/fer0021595/0.png
/157_Dataset_in150/data-wen.yaoli/Data/FERplus/alignment/FER2013Train/fer0021595/1.png
/157_Dataset_in150/data-wen.yaoli/Data/FERplus/alignment/FER2013Train/fer0021595/2.png
/157_Dataset_in150/data-wen.yaoli/Data/FERplus/alignment/FER2013Train/fer0021595/3.png
/157_Dataset_in150/data-wen.yaoli/Data/FERplus/alignment/FER2013Train/fer0021595/4.png
/157_Dataset_in150/data-wen.yaoli/Data/FERplus/alignment/FER2013Train/fer0021595/5.png
/157_Dataset_in150/data-wen.yaoli/Data/FERplus/alignment/FER2013Train/fer0022119/0.png
/157_Dataset_in150/data-wen.yaoli/Data/FERplus/alignment/FER2013Train/fer0022119/1.png
/157_Dataset_in150/data-wen.yaoli/Data/FERplus/alignment/FER2013Train/fer0022119/2.png
/157_Dataset_in150/data-wen.yaoli/Data/FERplus/alignment/FER2013Train/fer0022119/3.png
/157_Dataset_in150/data-wen.yaoli/Data/FERplus/alignment/FER2013Train/fer0022119/4.png
/157_Dataset_in150/data-wen.yaoli/Data/FERplus/alignment/FER2013Train/fer0022119/5.png
/157_Dataset_in150/data-wen.yaoli/Data/FERplus/alignment/FER2013Train/fer0022230/0.png
/157_Dataset_in150/data-wen.yaoli/Data/FERplus/alignment/FER2013Train/fer0022230/1.png
/157_Dataset_in150/data-wen.yaoli/Data/FERplus/alignment/FER2013Train/fer0022230/2.png
/157_Dataset_in150/data-wen.yaoli/Data/FERplus/alignment/FER2013Train/fer0022230/3.png
/157_Dataset_in150/data-wen.yaoli/Data/FERplus/alignment/FER2013Train/fer0022230/4.png
/157_Dataset_in150/data-wen.yaoli/Data/FERplus/alignment/FER2013Train/fer0022230/5.png
/157_Dataset_in150/data-wen.yaoli/Data/FERplus/alignment/FER2013Train/fer0027164/0.png
/157_Dataset_in150/data-wen.yaoli/Data/FERplus/alignment/FER2013Train/fer0027164/1.png
/157_Dataset_in150/data-wen.yaoli/Data/FERplus/alignment/FER2013Train/fer0027164/2.png
/157_Dataset_in150/data-wen.yaoli/Data/FERplus/alignment/FER2013Train/fer0027164/3.png
/157_Dataset_in150/data-wen.yaoli/Data/FERplus/alignment/FER2013Train/fer0027164/4.png
/157_Dataset_in150/data-wen.yaoli/Data/FERplus/alignment/FER2013Train/fer0027164/5.png
/157_Dataset_in150/data-wen.yaoli/Data/FERplus/alignment/FER2013Train/fer0027521/0.png
/157_Dataset_in150/data-wen.yaoli/Data/FERplus/alignment/FER2013Train/fer0027521/1.pngdir_path: /157_Dataset_in150/data-wen.yaoli/affectnet/affectnet/Manually_Annotated_Images/1
Traceback (most recent call last):
  File "main.py", line 80, in <module>
    traverse_file(dir_path=dir_path, save_function=save_function)
  File "/home/lab-wen.yaoli/CODE/preprocess/file_process.py", line 39, in traverse_file
    result = traverse_file(dir_path, os.path.join(output_dir, file_name),  process_functions, save_function)
  File "/home/lab-wen.yaoli/CODE/preprocess/file_process.py", line 33, in traverse_file
    save_function(file_path, os.path.join(output_dir, file_name))
  File "main.py", line 61, in __call__
    self.save_picture_alignment_dir(file_path, output_dir)
  File "main.py", line 52, in __call__
    process(file_path)
  File "/home/lab-wen.yaoli/CODE/preprocess/img_process.py", line 173, in __call__
    img = t(img)
  File "/home/lab-wen.yaoli/CODE/preprocess/img_process.py", line 38, in __call__
    dets, scores, idx = detector.run(rgb_img, 2, -1.5)
KeyboardInterrupt

/157_Dataset_in150/data-wen.yaoli/Data/FERplus/alignment/FER2013Train/fer0027521/2.png
/157_Dataset_in150/data-wen.yaoli/Data/FERplus/alignment/FER2013Train/fer0027521/3.png
/157_Dataset_in150/data-wen.yaoli/Data/FERplus/alignment/FER2013Train/fer0027521/4.png
/157_Dataset_in150/data-wen.yaoli/Data/FERplus/alignment/FER2013Train/fer0027521/5.png
/157_Dataset_in150/data-wen.yaoli/Data/FERplus/alignment/FER2013Train/fer0027595/0.png
/157_Dataset_in150/data-wen.yaoli/Data/FERplus/alignment/FER2013Train/fer0027595/1.png
/157_Dataset_in150/data-wen.yaoli/Data/FERplus/alignment/FER2013Train/fer0027595/2.png
/157_Dataset_in150/data-wen.yaoli/Data/FERplus/alignment/FER2013Train/fer0027595/3.png
/157_Dataset_in150/data-wen.yaoli/Data/FERplus/alignment/FER2013Train/fer0027595/4.png
/157_Dataset_in150/data-wen.yaoli/Data/FERplus/alignment/FER2013Train/fer0027595/5.png
dir_path: /157_Dataset_in150/data-wen.yaoli/dataset/FERplus/FER+CODE/FERPlus-master/data/FER2013Valid
/157_Dataset_in150/data-wen.yaoli/Data/FERplus/alignment/FER2013Valid/fer0029074/0.png
/157_Dataset_in150/data-wen.yaoli/Data/FERplus/alignment/FER2013Valid/fer0029074/1.png
/157_Dataset_in150/data-wen.yaoli/Data/FERplus/alignment/FER2013Valid/fer0029074/2.png
/157_Dataset_in150/data-wen.yaoli/Data/FERplus/alignment/FER2013Valid/fer0029074/3.png
/157_Dataset_in150/data-wen.yaoli/Data/FERplus/alignment/FER2013Valid/fer0029074/4.png
/157_Dataset_in150/data-wen.yaoli/Data/FERplus/alignment/FER2013Valid/fer0029074/5.png
